<?xml version="1.0" encoding="UTF-8"?>
<!-- Generated by org.testng.reporters.JUnitReportReporter -->
<testsuite hostname="IN-PG02NMDP" failures="0" tests="2" name="tests.TestGetBooking" time="1.221" errors="0" timestamp="2024-06-14T12:44:34 IST" skipped="0">
  <testcase classname="tests.TestGetBooking" name="testGetBookingDetails" time="0.047"/>
  <system-out/>
  <testcase classname="tests.TestGetBooking" name="testGetBookingIDs" time="1.174"/>
  <system-out/>
</testsuite> <!-- tests.TestGetBooking -->
