<?xml version="1.0" encoding="UTF-8"?>
<!-- Generated by org.testng.reporters.JUnitReportReporter -->
<testsuite hostname="IN-PG02NMDP" failures="0" tests="2" name="tests.TestCreateBooking" time="3.840" errors="0" timestamp="2024-06-14T13:21:45 IST" skipped="0">
  <testcase classname="tests.TestCreateBooking" name="testPOSTCreateBooking" time="2.607"/>
  <system-out/>
  <testcase classname="tests.TestCreateBooking" name="testGetBookingDetails" time="1.233"/>
  <system-out/>
</testsuite> <!-- tests.TestCreateBooking -->
