<?xml version="1.0" encoding="UTF-8"?>
<!-- Generated by org.testng.reporters.JUnitReportReporter -->
<testsuite hostname="IN-PG02NMDP" failures="0" tests="1" name="testcases.GetBooking" time="5.592" errors="0" timestamp="2024-06-12T15:28:04 IST" skipped="0">
  <testcase classname="testcases.GetBooking" name="getBookingIDForFirstName" time="5.592"/>
  <system-out/>
</testsuite> <!-- testcases.GetBooking -->
