<?xml version="1.0" encoding="UTF-8"?>
<!-- Generated by org.testng.reporters.JUnitReportReporter -->
<testsuite hostname="IN-PG02NMDP" failures="0" tests="1" name="testcases.CreateBooking" time="3.013" errors="0" timestamp="2024-06-13T11:26:06 IST" skipped="0">
  <testcase classname="testcases.CreateBooking" name="createNewBooking" time="3.013"/>
  <system-out/>
</testsuite> <!-- testcases.CreateBooking -->
