<?xml version="1.0" encoding="UTF-8"?>
<!-- Generated by org.testng.reporters.JUnitReportReporter -->
<testsuite hostname="IN-PG02NMDP" failures="0" tests="3" name="tests.ApiTest" time="3.487" errors="0" timestamp="2024-10-08T11:12:00 IST" skipped="0">
  <testcase classname="tests.ApiTest" name="testGetAllBookingIDs_GET" time="1.309"/>
  <system-out/>
  <testcase classname="tests.ApiTest" name="testGetBookingIDsByName_GET" time="1.107"/>
  <system-out/>
  <testcase classname="tests.ApiTest" name="testGetBookingIDsByDate_GET" time="1.071"/>
  <system-out/>
</testsuite> <!-- tests.ApiTest -->
