<?xml version="1.0" encoding="UTF-8"?>
<!-- Generated by org.testng.reporters.JUnitReportReporter -->
<testsuite hostname="IN-PG02NMDP" failures="0" tests="2" name="restassured.RestAssuredTest" time="7.822" errors="0" timestamp="2024-06-07T15:05:38 IST" skipped="0">
  <testcase classname="restassured.RestAssuredTest" name="GetUserList" time="2.623"/>
  <system-out/>
  <testcase classname="restassured.RestAssuredTest" name="AddUser" time="5.199"/>
  <system-out/>
</testsuite> <!-- restassured.RestAssuredTest -->
