<?xml version="1.0" encoding="UTF-8"?>
<!-- Generated by org.testng.reporters.JUnitReportReporter -->
<testsuite hostname="IN-PG02NMDP" failures="0" tests="1" name="tests.TestBooking" time="2.496" errors="0" timestamp="2024-06-18T15:21:46 IST" skipped="0">
  <testcase classname="tests.TestBooking" name="testGetAllBookingIDs_GET" time="2.496"/>
  <system-out/>
</testsuite> <!-- tests.TestBooking -->
